[0.438s] Invoking command in '/app/merge_arrays': PYTHONPATH=/app/merge_arrays/build/merge_arrays/prefix_override:/app/merge_arrays/install/merge_arrays/lib/python3.10/site-packages:${PYTHONPATH} /usr/bin/python3 setup.py egg_info --egg-base build/merge_arrays build --build-base /app/merge_arrays/build/merge_arrays/build install --record /app/merge_arrays/build/merge_arrays/install.log --single-version-externally-managed
[0.583s] running egg_info
[0.585s] writing build/merge_arrays/merge_arrays.egg-info/PKG-INFO
[0.586s] writing dependency_links to build/merge_arrays/merge_arrays.egg-info/dependency_links.txt
[0.587s] writing entry points to build/merge_arrays/merge_arrays.egg-info/entry_points.txt
[0.588s] writing requirements to build/merge_arrays/merge_arrays.egg-info/requires.txt
[0.589s] writing top-level names to build/merge_arrays/merge_arrays.egg-info/top_level.txt
[0.592s] reading manifest file 'build/merge_arrays/merge_arrays.egg-info/SOURCES.txt'
[0.594s] writing manifest file 'build/merge_arrays/merge_arrays.egg-info/SOURCES.txt'
[0.595s] running build
[0.597s] running build_py
[0.598s] copying merge_arrays/merge_arrays_node.py -> /app/merge_arrays/build/merge_arrays/build/lib/merge_arrays
[0.599s] running install
[0.600s] /usr/lib/python3/dist-packages/setuptools/command/install.py:34: SetuptoolsDeprecationWarning: setup.py install is deprecated. Use build and pip and other standards-based tools.
[0.600s]   warnings.warn(
[0.601s] running install_lib
[0.602s] copying /app/merge_arrays/build/merge_arrays/build/lib/merge_arrays/merge_arrays_node.py -> /app/merge_arrays/install/merge_arrays/lib/python3.10/site-packages/merge_arrays
[0.603s] byte-compiling /app/merge_arrays/install/merge_arrays/lib/python3.10/site-packages/merge_arrays/merge_arrays_node.py to merge_arrays_node.cpython-310.pyc
[0.605s] running install_data
[0.606s] running install_egg_info
[0.607s] removing '/app/merge_arrays/install/merge_arrays/lib/python3.10/site-packages/merge_arrays-0.0.0-py3.10.egg-info' (and everything under it)
[0.610s] Copying build/merge_arrays/merge_arrays.egg-info to /app/merge_arrays/install/merge_arrays/lib/python3.10/site-packages/merge_arrays-0.0.0-py3.10.egg-info
[0.624s] running install_scripts
[0.643s] Installing merge_arrays_node script to /app/merge_arrays/install/merge_arrays/lib/merge_arrays
[0.645s] writing list of installed files to '/app/merge_arrays/build/merge_arrays/install.log'
[0.661s] Invoked command in '/app/merge_arrays' returned '0': PYTHONPATH=/app/merge_arrays/build/merge_arrays/prefix_override:/app/merge_arrays/install/merge_arrays/lib/python3.10/site-packages:${PYTHONPATH} /usr/bin/python3 setup.py egg_info --egg-base build/merge_arrays build --build-base /app/merge_arrays/build/merge_arrays/build install --record /app/merge_arrays/build/merge_arrays/install.log --single-version-externally-managed
