running egg_info
creating build/merge_arrays/merge_arrays.egg-info
writing build/merge_arrays/merge_arrays.egg-info/PKG-INFO
writing dependency_links to build/merge_arrays/merge_arrays.egg-info/dependency_links.txt
writing entry points to build/merge_arrays/merge_arrays.egg-info/entry_points.txt
writing requirements to build/merge_arrays/merge_arrays.egg-info/requires.txt
writing top-level names to build/merge_arrays/merge_arrays.egg-info/top_level.txt
writing manifest file 'build/merge_arrays/merge_arrays.egg-info/SOURCES.txt'
reading manifest file 'build/merge_arrays/merge_arrays.egg-info/SOURCES.txt'
writing manifest file 'build/merge_arrays/merge_arrays.egg-info/SOURCES.txt'
running build
running build_py
creating /app/merge_arrays/build/merge_arrays/build
creating /app/merge_arrays/build/merge_arrays/build/lib
creating /app/merge_arrays/build/merge_arrays/build/lib/merge_arrays
copying merge_arrays/__init__.py -> /app/merge_arrays/build/merge_arrays/build/lib/merge_arrays
copying merge_arrays/merge_arrays_node.py -> /app/merge_arrays/build/merge_arrays/build/lib/merge_arrays
running install
/usr/lib/python3/dist-packages/setuptools/command/install.py:34: SetuptoolsDeprecationWarning: setup.py install is deprecated. Use build and pip and other standards-based tools.
  warnings.warn(
running install_lib
creating /app/merge_arrays/install/merge_arrays/lib/python3.10/site-packages/merge_arrays
copying /app/merge_arrays/build/merge_arrays/build/lib/merge_arrays/__init__.py -> /app/merge_arrays/install/merge_arrays/lib/python3.10/site-packages/merge_arrays
copying /app/merge_arrays/build/merge_arrays/build/lib/merge_arrays/merge_arrays_node.py -> /app/merge_arrays/install/merge_arrays/lib/python3.10/site-packages/merge_arrays
byte-compiling /app/merge_arrays/install/merge_arrays/lib/python3.10/site-packages/merge_arrays/__init__.py to __init__.cpython-310.pyc
byte-compiling /app/merge_arrays/install/merge_arrays/lib/python3.10/site-packages/merge_arrays/merge_arrays_node.py to merge_arrays_node.cpython-310.pyc
running install_data
creating /app/merge_arrays/install/merge_arrays/share/ament_index
creating /app/merge_arrays/install/merge_arrays/share/ament_index/resource_index
creating /app/merge_arrays/install/merge_arrays/share/ament_index/resource_index/packages
copying resource/merge_arrays -> /app/merge_arrays/install/merge_arrays/share/ament_index/resource_index/packages
copying package.xml -> /app/merge_arrays/install/merge_arrays/share/merge_arrays
running install_egg_info
Copying build/merge_arrays/merge_arrays.egg-info to /app/merge_arrays/install/merge_arrays/lib/python3.10/site-packages/merge_arrays-0.0.0-py3.10.egg-info
running install_scripts
Installing merge_arrays_node script to /app/merge_arrays/install/merge_arrays/lib/merge_arrays
writing list of installed files to '/app/merge_arrays/build/merge_arrays/install.log'
