[0.410s] Invoking command in '/app/merge_arrays': PYTHONPATH=/app/merge_arrays/build/merge_arrays/prefix_override:/app/merge_arrays/install/merge_arrays/lib/python3.10/site-packages:${PYTHONPATH} /usr/bin/python3 setup.py egg_info --egg-base build/merge_arrays build --build-base /app/merge_arrays/build/merge_arrays/build install --record /app/merge_arrays/build/merge_arrays/install.log --single-version-externally-managed
[0.539s] running egg_info
[0.540s] writing build/merge_arrays/merge_arrays.egg-info/PKG-INFO
[0.541s] writing dependency_links to build/merge_arrays/merge_arrays.egg-info/dependency_links.txt
[0.542s] writing entry points to build/merge_arrays/merge_arrays.egg-info/entry_points.txt
[0.543s] writing requirements to build/merge_arrays/merge_arrays.egg-info/requires.txt
[0.543s] writing top-level names to build/merge_arrays/merge_arrays.egg-info/top_level.txt
[0.547s] reading manifest file 'build/merge_arrays/merge_arrays.egg-info/SOURCES.txt'
[0.549s] writing manifest file 'build/merge_arrays/merge_arrays.egg-info/SOURCES.txt'
[0.549s] running build
[0.550s] running build_py
[0.551s] running install
[0.552s] /usr/lib/python3/dist-packages/setuptools/command/install.py:34: SetuptoolsDeprecationWarning: setup.py install is deprecated. Use build and pip and other standards-based tools.
[0.553s]   warnings.warn(
[0.554s] running install_lib
[0.554s] running install_data
[0.555s] running install_egg_info
[0.555s] removing '/app/merge_arrays/install/merge_arrays/lib/python3.10/site-packages/merge_arrays-0.0.0-py3.10.egg-info' (and everything under it)
[0.557s] Copying build/merge_arrays/merge_arrays.egg-info to /app/merge_arrays/install/merge_arrays/lib/python3.10/site-packages/merge_arrays-0.0.0-py3.10.egg-info
[0.568s] running install_scripts
[0.583s] Installing merge_arrays_node script to /app/merge_arrays/install/merge_arrays/lib/merge_arrays
[0.585s] writing list of installed files to '/app/merge_arrays/build/merge_arrays/install.log'
[0.602s] Invoked command in '/app/merge_arrays' returned '0': PYTHONPATH=/app/merge_arrays/build/merge_arrays/prefix_override:/app/merge_arrays/install/merge_arrays/lib/python3.10/site-packages:${PYTHONPATH} /usr/bin/python3 setup.py egg_info --egg-base build/merge_arrays build --build-base /app/merge_arrays/build/merge_arrays/build install --record /app/merge_arrays/build/merge_arrays/install.log --single-version-externally-managed
