[0.398s] Invoking command in '/app/merge_arrays': PYTHONPATH=/app/merge_arrays/build/merge_arrays/prefix_override:/app/merge_arrays/install/merge_arrays/lib/python3.10/site-packages:${PYTHONPATH} /usr/bin/python3 setup.py egg_info --egg-base build/merge_arrays build --build-base /app/merge_arrays/build/merge_arrays/build install --record /app/merge_arrays/build/merge_arrays/install.log --single-version-externally-managed
[0.526s] running egg_info
[0.527s] writing build/merge_arrays/merge_arrays.egg-info/PKG-INFO
[0.528s] writing dependency_links to build/merge_arrays/merge_arrays.egg-info/dependency_links.txt
[0.529s] writing entry points to build/merge_arrays/merge_arrays.egg-info/entry_points.txt
[0.530s] writing requirements to build/merge_arrays/merge_arrays.egg-info/requires.txt
[0.531s] writing top-level names to build/merge_arrays/merge_arrays.egg-info/top_level.txt
[0.534s] reading manifest file 'build/merge_arrays/merge_arrays.egg-info/SOURCES.txt'
[0.536s] writing manifest file 'build/merge_arrays/merge_arrays.egg-info/SOURCES.txt'
[0.536s] running build
[0.537s] running build_py
[0.538s] running install
[0.539s] /usr/lib/python3/dist-packages/setuptools/command/install.py:34: SetuptoolsDeprecationWarning: setup.py install is deprecated. Use build and pip and other standards-based tools.
[0.540s]   warnings.warn(
[0.540s] running install_lib
[0.541s] running install_data
[0.541s] running install_egg_info
[0.542s] removing '/app/merge_arrays/install/merge_arrays/lib/python3.10/site-packages/merge_arrays-0.0.0-py3.10.egg-info' (and everything under it)
[0.544s] Copying build/merge_arrays/merge_arrays.egg-info to /app/merge_arrays/install/merge_arrays/lib/python3.10/site-packages/merge_arrays-0.0.0-py3.10.egg-info
[0.556s] running install_scripts
[0.571s] Installing merge_arrays_node script to /app/merge_arrays/install/merge_arrays/lib/merge_arrays
[0.573s] writing list of installed files to '/app/merge_arrays/build/merge_arrays/install.log'
[0.589s] Invoked command in '/app/merge_arrays' returned '0': PYTHONPATH=/app/merge_arrays/build/merge_arrays/prefix_override:/app/merge_arrays/install/merge_arrays/lib/python3.10/site-packages:${PYTHONPATH} /usr/bin/python3 setup.py egg_info --egg-base build/merge_arrays build --build-base /app/merge_arrays/build/merge_arrays/build install --record /app/merge_arrays/build/merge_arrays/install.log --single-version-externally-managed
