[0.422s] DEBUG:colcon:Command line arguments: ['/usr/bin/colcon', 'build', '--packages-select', 'merge_arrays']
[0.422s] DEBUG:colcon:Parsed command line arguments: Namespace(log_base=None, log_level=None, verb_name='build', build_base='build', install_base='install', merge_install=False, symlink_install=False, test_result_base=None, continue_on_error=False, executor='parallel', parallel_workers=10, event_handlers=None, ignore_user_meta=False, metas=['./colcon.meta'], base_paths=['.'], packages_ignore=None, packages_ignore_regex=None, paths=None, packages_up_to=None, packages_up_to_regex=None, packages_above=None, packages_above_and_dependencies=None, packages_above_depth=None, packages_select_by_dep=None, packages_skip_by_dep=None, packages_skip_up_to=None, packages_select_build_failed=False, packages_skip_build_finished=False, packages_select_test_failures=False, packages_skip_test_passed=False, packages_select=['merge_arrays'], packages_skip=None, packages_select_regex=None, packages_skip_regex=None, packages_start=None, packages_end=None, allow_overriding=[], cmake_args=None, cmake_target=None, cmake_target_skip_unavailable=False, cmake_clean_cache=False, cmake_clean_first=False, cmake_force_configure=False, ament_cmake_args=None, catkin_cmake_args=None, catkin_skip_building_tests=False, verb_parser=<colcon_defaults.argument_parser.defaults.DefaultArgumentsDecorator object at 0xffffaf77a320>, verb_extension=<colcon_core.verb.build.BuildVerb object at 0xffffaf779cc0>, main=<bound method BuildVerb.main of <colcon_core.verb.build.BuildVerb object at 0xffffaf779cc0>>)
[0.448s] Level 1:colcon.colcon_core.package_discovery:discover_packages(colcon_meta) check parameters
[0.448s] Level 1:colcon.colcon_core.package_discovery:discover_packages(recursive) check parameters
[0.448s] Level 1:colcon.colcon_core.package_discovery:discover_packages(ignore) check parameters
[0.449s] Level 1:colcon.colcon_core.package_discovery:discover_packages(path) check parameters
[0.449s] Level 1:colcon.colcon_core.package_discovery:discover_packages(colcon_meta) discover
[0.449s] Level 1:colcon.colcon_core.package_discovery:discover_packages(recursive) discover
[0.449s] INFO:colcon.colcon_core.package_discovery:Crawling recursively for packages in '/app/merge_arrays'
[0.451s] Level 1:colcon.colcon_core.package_identification:_identify(.) by extensions ['ignore', 'ignore_ament_install']
[0.451s] Level 1:colcon.colcon_core.package_identification:_identify(.) by extension 'ignore'
[0.451s] Level 1:colcon.colcon_core.package_identification:_identify(.) by extension 'ignore_ament_install'
[0.452s] Level 1:colcon.colcon_core.package_identification:_identify(.) by extensions ['colcon_pkg']
[0.452s] Level 1:colcon.colcon_core.package_identification:_identify(.) by extension 'colcon_pkg'
[0.452s] Level 1:colcon.colcon_core.package_identification:_identify(.) by extensions ['colcon_meta']
[0.452s] Level 1:colcon.colcon_core.package_identification:_identify(.) by extension 'colcon_meta'
[0.452s] Level 1:colcon.colcon_core.package_identification:_identify(.) by extensions ['ros']
[0.452s] Level 1:colcon.colcon_core.package_identification:_identify(.) by extension 'ros'
[0.463s] DEBUG:colcon.colcon_core.package_identification:Package '.' with type 'ros.ament_python' and name 'merge_arrays'
[0.464s] Level 1:colcon.colcon_core.package_discovery:discover_packages(recursive) using defaults
[0.464s] Level 1:colcon.colcon_core.package_discovery:discover_packages(ignore) discover
[0.464s] Level 1:colcon.colcon_core.package_discovery:discover_packages(ignore) using defaults
[0.464s] Level 1:colcon.colcon_core.package_discovery:discover_packages(path) discover
[0.464s] Level 1:colcon.colcon_core.package_discovery:discover_packages(path) using defaults
[0.506s] Level 1:colcon.colcon_core.package_discovery:discover_packages(prefix_path) check parameters
[0.506s] Level 1:colcon.colcon_core.package_discovery:discover_packages(prefix_path) discover
[0.521s] DEBUG:colcon.colcon_installed_package_information.package_discovery:Found 1 installed packages in /app/merge_arrays/install
[0.526s] DEBUG:colcon.colcon_installed_package_information.package_discovery:Found 180 installed packages in /opt/ros/humble
[0.527s] Level 1:colcon.colcon_core.package_discovery:discover_packages(prefix_path) using defaults
[0.567s] Level 5:colcon.colcon_core.verb:set package 'merge_arrays' build argument 'cmake_args' from command line to 'None'
[0.567s] Level 5:colcon.colcon_core.verb:set package 'merge_arrays' build argument 'cmake_target' from command line to 'None'
[0.568s] Level 5:colcon.colcon_core.verb:set package 'merge_arrays' build argument 'cmake_target_skip_unavailable' from command line to 'False'
[0.568s] Level 5:colcon.colcon_core.verb:set package 'merge_arrays' build argument 'cmake_clean_cache' from command line to 'False'
[0.568s] Level 5:colcon.colcon_core.verb:set package 'merge_arrays' build argument 'cmake_clean_first' from command line to 'False'
[0.568s] Level 5:colcon.colcon_core.verb:set package 'merge_arrays' build argument 'cmake_force_configure' from command line to 'False'
[0.568s] Level 5:colcon.colcon_core.verb:set package 'merge_arrays' build argument 'ament_cmake_args' from command line to 'None'
[0.569s] Level 5:colcon.colcon_core.verb:set package 'merge_arrays' build argument 'catkin_cmake_args' from command line to 'None'
[0.569s] Level 5:colcon.colcon_core.verb:set package 'merge_arrays' build argument 'catkin_skip_building_tests' from command line to 'False'
[0.569s] DEBUG:colcon.colcon_core.verb:Building package 'merge_arrays' with the following arguments: {'ament_cmake_args': None, 'build_base': '/app/merge_arrays/build/merge_arrays', 'catkin_cmake_args': None, 'catkin_skip_building_tests': False, 'cmake_args': None, 'cmake_clean_cache': False, 'cmake_clean_first': False, 'cmake_force_configure': False, 'cmake_target': None, 'cmake_target_skip_unavailable': False, 'install_base': '/app/merge_arrays/install/merge_arrays', 'merge_install': False, 'path': '/app/merge_arrays', 'symlink_install': False, 'test_result_base': None}
[0.575s] INFO:colcon.colcon_core.executor:Executing jobs using 'parallel' executor
[0.581s] DEBUG:colcon.colcon_parallel_executor.executor.parallel:run_until_complete
[0.582s] INFO:colcon.colcon_ros.task.ament_python.build:Building ROS package in '/app/merge_arrays' with build type 'ament_python'
[0.582s] Level 1:colcon.colcon_core.shell:create_environment_hook('merge_arrays', 'ament_prefix_path')
[0.589s] INFO:colcon.colcon_core.plugin_system:Skipping extension 'colcon_core.shell.bat': Not used on non-Windows systems
[0.589s] INFO:colcon.colcon_core.shell:Creating environment hook '/app/merge_arrays/install/merge_arrays/share/merge_arrays/hook/ament_prefix_path.ps1'
[0.592s] INFO:colcon.colcon_core.shell:Creating environment descriptor '/app/merge_arrays/install/merge_arrays/share/merge_arrays/hook/ament_prefix_path.dsv'
[0.595s] INFO:colcon.colcon_core.shell:Creating environment hook '/app/merge_arrays/install/merge_arrays/share/merge_arrays/hook/ament_prefix_path.sh'
[0.602s] INFO:colcon.colcon_core.shell:Skip shell extension 'powershell' for command environment: Not usable outside of PowerShell
[0.602s] DEBUG:colcon.colcon_core.shell:Skip shell extension 'dsv' for command environment
[0.768s] INFO:colcon.colcon_core.task.python.build:Building Python package in '/app/merge_arrays'
[0.774s] INFO:colcon.colcon_core.shell:Skip shell extension 'powershell' for command environment: Not usable outside of PowerShell
[0.774s] DEBUG:colcon.colcon_core.shell:Skip shell extension 'dsv' for command environment
[0.993s] DEBUG:colcon.colcon_core.event_handler.log_command:Invoking command in '/app/merge_arrays': PYTHONPATH=/app/merge_arrays/build/merge_arrays/prefix_override:/app/merge_arrays/install/merge_arrays/lib/python3.10/site-packages:${PYTHONPATH} /usr/bin/python3 setup.py egg_info --egg-base build/merge_arrays build --build-base /app/merge_arrays/build/merge_arrays/build install --record /app/merge_arrays/build/merge_arrays/install.log --single-version-externally-managed
[1.185s] DEBUG:colcon.colcon_core.event_handler.log_command:Invoked command in '/app/merge_arrays' returned '0': PYTHONPATH=/app/merge_arrays/build/merge_arrays/prefix_override:/app/merge_arrays/install/merge_arrays/lib/python3.10/site-packages:${PYTHONPATH} /usr/bin/python3 setup.py egg_info --egg-base build/merge_arrays build --build-base /app/merge_arrays/build/merge_arrays/build install --record /app/merge_arrays/build/merge_arrays/install.log --single-version-externally-managed
[1.192s] Level 1:colcon.colcon_core.environment:checking '/app/merge_arrays/install/merge_arrays' for CMake module files
[1.195s] Level 1:colcon.colcon_core.environment:checking '/app/merge_arrays/install/merge_arrays' for CMake config files
[1.202s] Level 1:colcon.colcon_core.environment:checking '/app/merge_arrays/install/merge_arrays/lib'
[1.202s] Level 1:colcon.colcon_core.environment:checking '/app/merge_arrays/install/merge_arrays/bin'
[1.203s] Level 1:colcon.colcon_core.environment:checking '/app/merge_arrays/install/merge_arrays/lib/pkgconfig/merge_arrays.pc'
[1.203s] Level 1:colcon.colcon_core.environment:checking '/app/merge_arrays/install/merge_arrays/lib/python3.10/site-packages'
[1.203s] Level 1:colcon.colcon_core.shell:create_environment_hook('merge_arrays', 'pythonpath')
[1.209s] INFO:colcon.colcon_core.shell:Creating environment hook '/app/merge_arrays/install/merge_arrays/share/merge_arrays/hook/pythonpath.ps1'
[1.211s] INFO:colcon.colcon_core.shell:Creating environment descriptor '/app/merge_arrays/install/merge_arrays/share/merge_arrays/hook/pythonpath.dsv'
[1.212s] INFO:colcon.colcon_core.shell:Creating environment hook '/app/merge_arrays/install/merge_arrays/share/merge_arrays/hook/pythonpath.sh'
[1.213s] Level 1:colcon.colcon_core.environment:checking '/app/merge_arrays/install/merge_arrays/bin'
[1.213s] Level 1:colcon.colcon_core.environment:create_environment_scripts_only(merge_arrays)
[1.219s] INFO:colcon.colcon_core.shell:Creating package script '/app/merge_arrays/install/merge_arrays/share/merge_arrays/package.ps1'
[1.220s] INFO:colcon.colcon_core.shell:Creating package descriptor '/app/merge_arrays/install/merge_arrays/share/merge_arrays/package.dsv'
[1.221s] INFO:colcon.colcon_core.shell:Creating package script '/app/merge_arrays/install/merge_arrays/share/merge_arrays/package.sh'
[1.222s] INFO:colcon.colcon_core.shell:Creating package script '/app/merge_arrays/install/merge_arrays/share/merge_arrays/package.bash'
[1.223s] INFO:colcon.colcon_core.shell:Creating package script '/app/merge_arrays/install/merge_arrays/share/merge_arrays/package.zsh'
[1.225s] Level 1:colcon.colcon_core.environment:create_file_with_runtime_dependencies(/app/merge_arrays/install/merge_arrays/share/colcon-core/packages/merge_arrays)
[1.225s] DEBUG:colcon.colcon_parallel_executor.executor.parallel:closing loop
[1.226s] DEBUG:colcon.colcon_parallel_executor.executor.parallel:loop closed
[1.226s] DEBUG:colcon.colcon_parallel_executor.executor.parallel:run_until_complete finished with '0'
[1.226s] DEBUG:colcon.colcon_core.event_reactor:joining thread
[1.237s] INFO:colcon.colcon_core.plugin_system:Skipping extension 'colcon_notification.desktop_notification.notify_send': Could not find 'notify-send'
[1.237s] INFO:colcon.colcon_core.plugin_system:Skipping extension 'colcon_notification.desktop_notification.terminal_notifier': Not used on non-Darwin systems
[1.237s] INFO:colcon.colcon_core.plugin_system:Skipping extension 'colcon_notification.desktop_notification.win32': Not used on non-Windows systems
[1.237s] INFO:colcon.colcon_notification.desktop_notification:Sending desktop notification using 'notify2'
[1.237s] DEBUG:colcon.colcon_notification.desktop_notification.notify2:Failed to initialize notify2: org.freedesktop.DBus.Error.NotSupported: Unable to autolaunch a dbus-daemon without a $DISPLAY for X11
[1.238s] DEBUG:colcon.colcon_core.event_reactor:joined thread
[1.243s] INFO:colcon.colcon_core.shell:Creating prefix script '/app/merge_arrays/install/local_setup.ps1'
[1.245s] INFO:colcon.colcon_core.shell:Creating prefix util module '/app/merge_arrays/install/_local_setup_util_ps1.py'
[1.247s] INFO:colcon.colcon_core.shell:Creating prefix chain script '/app/merge_arrays/install/setup.ps1'
[1.255s] INFO:colcon.colcon_core.shell:Creating prefix script '/app/merge_arrays/install/local_setup.sh'
[1.256s] INFO:colcon.colcon_core.shell:Creating prefix util module '/app/merge_arrays/install/_local_setup_util_sh.py'
[1.257s] INFO:colcon.colcon_core.shell:Creating prefix chain script '/app/merge_arrays/install/setup.sh'
[1.265s] INFO:colcon.colcon_core.shell:Creating prefix script '/app/merge_arrays/install/local_setup.bash'
[1.266s] INFO:colcon.colcon_core.shell:Creating prefix chain script '/app/merge_arrays/install/setup.bash'
[1.273s] INFO:colcon.colcon_core.shell:Creating prefix script '/app/merge_arrays/install/local_setup.zsh'
[1.274s] INFO:colcon.colcon_core.shell:Creating prefix chain script '/app/merge_arrays/install/setup.zsh'
